<?xml version="1.0" encoding="UTF-8"?>
<!-- Generated by org.testng.reporters.JUnitReportReporter -->
<testsuite hostname="LAPTOP-AA5L38FS" name="com.ecommerce.tests.OrderTests" tests="2" failures="0" timestamp="15 May 2020 12:17:58 GMT" time="233.275" errors="0">
  <testcase name="TEST08" time="185.006" classname="com.ecommerce.tests.OrderTests"/>
  <testcase name="TEST07" time="48.269" classname="com.ecommerce.tests.OrderTests"/>
</testsuite> <!-- com.ecommerce.tests.OrderTests -->
