<?xml version="1.0" encoding="UTF-8"?>
<!-- Generated by org.testng.reporters.JUnitReportReporter -->
<testsuite hostname="LAPTOP-AA5L38FS" name="com.ecommerce.tests.PurchaseTests" tests="3" failures="0" timestamp="11 Jun 2020 11:39:18 GMT" time="323.625" errors="0">
  <testcase name="TEST09" time="18.467" classname="com.ecommerce.tests.PurchaseTests"/>
  <testcase name="TEST06" time="218.224" classname="com.ecommerce.tests.PurchaseTests"/>
  <testcase name="TEST05_01" time="86.934" classname="com.ecommerce.tests.PurchaseTests"/>
</testsuite> <!-- com.ecommerce.tests.PurchaseTests -->
