<?xml version="1.0" encoding="UTF-8"?>
<!-- Generated by org.testng.reporters.JUnitReportReporter -->
<testsuite hostname="LAPTOP-AA5L38FS" name="com.ecommerce.tests.TitleTests" tests="1" failures="0" timestamp="29 Apr 2020 12:31:50 GMT" time="25.772" errors="0">
  <testcase name="TEST02" time="25.772" classname="com.ecommerce.tests.TitleTests"/>
</testsuite> <!-- com.ecommerce.tests.TitleTests -->
