<?xml version="1.0" encoding="UTF-8"?>
<!-- Generated by org.testng.reporters.JUnitReportReporter -->
<testsuite hostname="LAPTOP-AA5L38FS" name="com.ecommerce.tests.AccountCreation" tests="1" failures="0" timestamp="6 May 2020 11:53:54 GMT" time="146.477" errors="0">
  <testcase name="TEST05" time="146.477" classname="com.ecommerce.tests.AccountCreation"/>
</testsuite> <!-- com.ecommerce.tests.AccountCreation -->
