<?xml version="1.0" encoding="UTF-8"?>
<!-- Generated by org.testng.reporters.JUnitReportReporter -->
<testsuite hostname="LAPTOP-AA5L38FS" name="com.ecommerce.tests.TitleTests" tests="4" failures="0" timestamp="15 May 2020 12:17:58 GMT" time="412.663" errors="0">
  <testcase name="TEST04" time="23.693" classname="com.ecommerce.tests.TitleTests"/>
  <testcase name="TEST02" time="54.595" classname="com.ecommerce.tests.TitleTests"/>
  <testcase name="TEST03" time="84.792" classname="com.ecommerce.tests.TitleTests"/>
  <testcase name="TEST01" time="249.583" classname="com.ecommerce.tests.TitleTests"/>
</testsuite> <!-- com.ecommerce.tests.TitleTests -->
