<?xml version="1.0" encoding="UTF-8"?>
<!-- Generated by org.testng.reporters.JUnitReportReporter -->
<testsuite hostname="LAPTOP-AA5L38FS" name="com.ecommerce.tests.OrderTests" tests="2" failures="0" timestamp="11 Jun 2020 12:32:51 GMT" time="335.740" errors="0">
  <testcase name="TEST07" time="84.472" classname="com.ecommerce.tests.OrderTests"/>
  <testcase name="TEST08" time="251.268" classname="com.ecommerce.tests.OrderTests"/>
</testsuite> <!-- com.ecommerce.tests.OrderTests -->
