<?xml version="1.0" encoding="UTF-8"?>
<!-- Generated by org.testng.reporters.JUnitReportReporter -->
<testsuite hostname="LAPTOP-AA5L38FS" name="com.ecommerce.tests.TitleTests" tests="4" failures="0" timestamp="11 Jun 2020 11:39:18 GMT" time="110.448" errors="0">
  <testcase name="TEST02" time="17.435" classname="com.ecommerce.tests.TitleTests"/>
  <testcase name="TEST04" time="23.646" classname="com.ecommerce.tests.TitleTests"/>
  <testcase name="TEST03" time="51.662" classname="com.ecommerce.tests.TitleTests"/>
  <testcase name="TEST01" time="17.705" classname="com.ecommerce.tests.TitleTests"/>
</testsuite> <!-- com.ecommerce.tests.TitleTests -->
