<?xml version="1.0" encoding="UTF-8"?>
<!-- Generated by org.testng.reporters.JUnitReportReporter -->
<testsuite hostname="LAPTOP-AA5L38FS" name="com.ecommerce.tests.AccountTests" tests="1" failures="0" timestamp="15 May 2020 12:17:58 GMT" time="112.095" errors="0">
  <testcase name="TEST05" time="112.095" classname="com.ecommerce.tests.AccountTests"/>
</testsuite> <!-- com.ecommerce.tests.AccountTests -->
