<?xml version="1.0" encoding="UTF-8"?>
<!-- Generated by org.testng.reporters.JUnitReportReporter -->
<testsuite hostname="LAPTOP-AA5L38FS" name="com.ecommerce.tests.PurchaseTests" tests="3" failures="0" timestamp="15 May 2020 12:17:58 GMT" time="334.859" errors="0">
  <testcase name="TEST05_01" time="91.569" classname="com.ecommerce.tests.PurchaseTests"/>
  <testcase name="TEST09" time="24.763" classname="com.ecommerce.tests.PurchaseTests"/>
  <testcase name="TEST06" time="218.527" classname="com.ecommerce.tests.PurchaseTests"/>
</testsuite> <!-- com.ecommerce.tests.PurchaseTests -->
