<?xml version="1.0" encoding="UTF-8"?>
<!-- Generated by org.testng.reporters.JUnitReportReporter -->
<testsuite hostname="LAPTOP-AA5L38FS" name="com.ecommerce.tests.AccountTests" tests="1" failures="0" timestamp="11 Jun 2020 11:39:18 GMT" time="111.904" errors="0">
  <testcase name="TEST05" time="111.904" classname="com.ecommerce.tests.AccountTests"/>
</testsuite> <!-- com.ecommerce.tests.AccountTests -->
